[ 27.04.2019 - 14:54:38 ]
    (MSG) [2] in SMILExtract : openSMILE starting!
[ 27.04.2019 - 14:54:38 ]
    (MSG) [2] in SMILExtract : config file is: configuration/testing/test.conf
[ 27.04.2019 - 14:54:38 ]
    (MSG) [2] in cComponentManager : successfully registered 96 component types.
[ 27.04.2019 - 14:54:38 ]
    (MSG) [3] in configManager : reading config file 'configuration/testing/test.conf'
[ 27.04.2019 - 14:54:38 ]
    (MSG) [3] in configManager : successfully read config file 'configuration/testing/test.conf'
[ 27.04.2019 - 14:54:38 ]
    (WARN) [5] in configManager : (line 41) array type field with only one element and no array index in [], assuming arrT=10 and N=1
[ 27.04.2019 - 14:54:38 ]
    (WARN) [5] in configManager : (line 52) array type field with only one element and no array index in [], assuming arrT=10 and N=1
[ 27.04.2019 - 14:54:38 ]
    (WARN) [5] in configManager : (line 208) array type field with only one element and no array index in [], assuming arrT=10 and N=1
[ 27.04.2019 - 14:54:38 ]
    (WARN) [5] in configManager : (line 61) array type field with only one element and no array index in [], assuming arrT=10 and N=1
[ 27.04.2019 - 14:54:38 ]
    (WARN) [5] in configManager : (line 69) array type field with only one element and no array index in [], assuming arrT=10 and N=1
[ 27.04.2019 - 14:54:38 ]
    (WARN) [5] in configManager : (line 114) array type field with only one element and no array index in [], assuming arrT=10 and N=1
[ 27.04.2019 - 14:54:38 ]
    (WARN) [5] in configManager : (line 129) array type field with only one element and no array index in [], assuming arrT=10 and N=1
[ 27.04.2019 - 14:54:38 ]
    (WARN) [5] in configManager : (line 181) array type field with only one element and no array index in [], assuming arrT=10 and N=1
[ 27.04.2019 - 14:54:38 ]
    (WARN) [5] in configManager : (line 165) array type field with only one element and no array index in [], assuming arrT=10 and N=1
[ 27.04.2019 - 14:54:38 ]
    (WARN) [5] in configManager : (line 73) array type field with only one element and no array index in [], assuming arrT=10 and N=1
[ 27.04.2019 - 14:54:38 ]
    (WARN) [5] in configManager : (line 95) array type field with only one element and no array index in [], assuming arrT=10 and N=1
[ 27.04.2019 - 14:54:38 ]
    (WARN) [5] in configManager : (line 149) array type field with only one element and no array index in [], assuming arrT=10 and N=1
[ 27.04.2019 - 14:54:38 ]
    (MSG) [3] in instance 'fftmag' : mindBp = -29.697998
[ 27.04.2019 - 14:54:38 ]
    (MSG) [3] in cComponentManager : successfully registered 14 of 14 component instances (non dataMemory type)
[ 27.04.2019 - 14:54:38 ]
    (MSG) [3] in cComponentManager : successfully registered 1 of 1 dataMemory instances
[ 27.04.2019 - 14:54:38 ]
    (WARN) [1] in instance 'frame' : default user defined option noPostEOIprocessing=1 forced to 0 due to frameStep==0.0 (full input mode)
[ 27.04.2019 - 14:54:38 ]
    (ERROR) [1] in instance 'melspec' : cannot determine frame size of input spectrum! (frameSizeSec and lastFrameSizeSec are both 0). This can happen when multiple stages combine different frame sizes and/or asynchronuous processing is applied (use overrideFrameSizeSec to manually specify the correct size.)
[ 27.04.2019 - 14:54:38 ]
    (ERROR) [1] in cMelspec : aborting.
